2026-06-30T13:15:01Z INF Thank you for trying Cloudflare Tunnel. Doing so, without a Cloudflare account, is a quick way to experiment and try it out. However, be aware that these account-less Tunnels have no uptime guarantee, are subject to the Cloudflare Online Services Terms of Use (https://www.cloudflare.com/website-terms/), and Cloudflare reserves the right to investigate your use of Tunnels for violations of such terms. If you intend to use Tunnels in production you should use a pre-created named tunnel by following: https://developers.cloudflare.com/cloudflare-one/connections/connect-apps
2026-06-30T13:15:01Z INF Requesting new quick Tunnel on trycloudflare.com...
2026-06-30T13:15:07Z INF +--------------------------------------------------------------------------------------------+
2026-06-30T13:15:07Z INF |  Your quick Tunnel has been created! Visit it at (it may take some time to be reachable):  |
2026-06-30T13:15:07Z INF |  https://vocal-qualifications-montgomery-measurements.trycloudflare.com                    |
2026-06-30T13:15:07Z INF +--------------------------------------------------------------------------------------------+
2026-06-30T13:15:07Z INF Cannot determine default configuration path. No file [config.yml config.yaml] in [~/.cloudflared ~/.cloudflare-warp ~/cloudflare-warp /etc/cloudflared /usr/local/etc/cloudflared]
2026-06-30T13:15:07Z INF Version 2026.5.2 (Checksum cd9f764abfd06757b4def10ee5ba3d862381ed9fc02d6c1f06086c23d88695c6)
2026-06-30T13:15:07Z INF GOOS: darwin, GOVersion: go1.26.2, GoArch: arm64
2026-06-30T13:15:07Z INF Settings: map[ha-connections:1 protocol:quic url:http://127.0.0.1:5001]
2026-06-30T13:15:07Z INF Autoupdate frequency is set autoupdateFreq=86400000
2026-06-30T13:15:07Z INF Generated Connector ID: 9bba83a9-d27d-4655-9e64-465ef7a7fdcf
2026-06-30T13:15:07Z INF Initial protocol quic
2026-06-30T13:15:07Z INF ICMP proxy will use 192.168.1.137 as source for IPv4
2026-06-30T13:15:07Z INF ICMP proxy will use fe80::2c:ce37:e62d:228e in zone en0 as source for IPv6
2026-06-30T13:15:07Z INF Created ICMP proxy listening on 192.168.1.137:0
2026-06-30T13:15:07Z INF ICMP proxy will use 192.168.1.137 as source for IPv4
2026-06-30T13:15:07Z INF ICMP proxy will use fe80::2c:ce37:e62d:228e in zone en0 as source for IPv6
2026-06-30T13:15:07Z INF Starting metrics server on 127.0.0.1:20241/metrics
2026-06-30T13:15:07Z INF Tunnel connection curve preferences: [X25519MLKEM768 CurveID(65074) CurveP256] connIndex=0 event=0 ip=2606:4700:a0::10
2026-06-30T13:15:08Z INF +-------------------------------------------------------------------------------------+
2026-06-30T13:15:08Z INF |                               CONNECTIVITY PRE-CHECKS                               |
2026-06-30T13:15:08Z INF +-------------------------------------------------------------------------------------+
2026-06-30T13:15:08Z INF |  COMPONENT         TARGET                     STATUS  DETAILS                       |
2026-06-30T13:15:08Z INF |  DNS Resolution    region1.v2.argotunnel.com  PASS    DNS Resolved successfully     |
2026-06-30T13:15:08Z INF |  DNS Resolution    region2.v2.argotunnel.com  PASS    DNS Resolved successfully     |
2026-06-30T13:15:08Z INF |  UDP Connectivity  region1.v2.argotunnel.com  PASS    QUIC connection successful    |
2026-06-30T13:15:08Z INF |  UDP Connectivity  region2.v2.argotunnel.com  PASS    QUIC connection successful    |
2026-06-30T13:15:08Z INF |  TCP Connectivity  region1.v2.argotunnel.com  PASS    HTTP/2 connection successful  |
2026-06-30T13:15:08Z INF |  TCP Connectivity  region2.v2.argotunnel.com  PASS    HTTP/2 connection successful  |
2026-06-30T13:15:08Z INF |  Cloudflare API    api.cloudflare.com:443     PASS    API is reachable              |
2026-06-30T13:15:08Z INF |                                                                                     |
2026-06-30T13:15:08Z INF |  SUMMARY: Environment is healthy. cloudflared will use 'quic' as primary protocol.  |
2026-06-30T13:15:08Z INF +-------------------------------------------------------------------------------------+
2026-06-30T13:15:08Z INF precheck component="DNS Resolution" details="DNS Resolved successfully" run_id=e65b8f18-9466-4e73-8e9a-414caa5ff3f3 status=pass target=region1.v2.argotunnel.com
2026-06-30T13:15:08Z INF precheck component="DNS Resolution" details="DNS Resolved successfully" run_id=e65b8f18-9466-4e73-8e9a-414caa5ff3f3 status=pass target=region2.v2.argotunnel.com
2026-06-30T13:15:08Z INF precheck component="UDP Connectivity" details="QUIC connection successful" run_id=e65b8f18-9466-4e73-8e9a-414caa5ff3f3 status=pass target=region1.v2.argotunnel.com
2026-06-30T13:15:08Z INF precheck component="UDP Connectivity" details="QUIC connection successful" run_id=e65b8f18-9466-4e73-8e9a-414caa5ff3f3 status=pass target=region2.v2.argotunnel.com
2026-06-30T13:15:08Z INF precheck component="TCP Connectivity" details="HTTP/2 connection successful" run_id=e65b8f18-9466-4e73-8e9a-414caa5ff3f3 status=pass target=region1.v2.argotunnel.com
2026-06-30T13:15:08Z INF precheck component="TCP Connectivity" details="HTTP/2 connection successful" run_id=e65b8f18-9466-4e73-8e9a-414caa5ff3f3 status=pass target=region2.v2.argotunnel.com
2026-06-30T13:15:08Z INF precheck component="Cloudflare API" details="API is reachable" run_id=e65b8f18-9466-4e73-8e9a-414caa5ff3f3 status=pass target=api.cloudflare.com:443
2026-06-30T13:15:08Z INF precheck complete hard_fail=false run_id=e65b8f18-9466-4e73-8e9a-414caa5ff3f3 suggested_protocol=quic
2026-06-30T13:15:08Z INF Registered tunnel connection connIndex=0 connection=bdef2441-ab32-45e1-bd56-f4c3688f2712 event=0 ip=2606:4700:a0::10 location=otp01 protocol=quic
2026-06-30T13:15:51Z INF Initiating graceful shutdown due to signal terminated ...
2026-06-30T13:15:51Z ERR failed to run the datagram handler error="Application error 0x0 (remote)" connIndex=0 event=0 ip=2606:4700:a0::10
2026-06-30T13:15:51Z ERR failed to serve tunnel connection error="accept stream listener encountered a failure while serving" connIndex=0 event=0 ip=2606:4700:a0::10
2026-06-30T13:15:51Z ERR Serve tunnel error error="accept stream listener encountered a failure while serving" connIndex=0 event=0 ip=2606:4700:a0::10
2026-06-30T13:15:51Z INF Retrying connection in up to 1s connIndex=0 event=0 ip=2606:4700:a0::10
2026-06-30T13:15:51Z ERR Connection terminated connIndex=0
2026-06-30T13:15:51Z ERR no more connections active and exiting
2026-06-30T13:15:51Z INF Tunnel server stopped
2026-06-30T13:15:51Z INF Metrics server stopped
